0 info it worked if it ends with ok
1 verbose cli [ 'node', '/usr/local/bin/npm', 'install', 'passort', '--save' ]
2 info using npm@1.4.21
3 info using node@v0.10.30
4 warn package.json secondMEANapp@1.0.0 No repository field.
5 verbose readDependencies using package.json deps
6 verbose cache add [ 'passort', null ]
7 verbose cache add name=undefined spec="passort" args=["passort",null]
8 verbose parsed url { protocol: null,
8 verbose parsed url   slashes: null,
8 verbose parsed url   auth: null,
8 verbose parsed url   host: null,
8 verbose parsed url   port: null,
8 verbose parsed url   hostname: null,
8 verbose parsed url   hash: null,
8 verbose parsed url   search: null,
8 verbose parsed url   query: null,
8 verbose parsed url   pathname: 'passort',
8 verbose parsed url   path: 'passort',
8 verbose parsed url   href: 'passort' }
9 silly lockFile 4dca421d-passort passort
10 verbose lock passort /Users/MrWeckel/.npm/4dca421d-passort.lock
11 silly lockFile 4dca421d-passort passort
12 silly lockFile 4dca421d-passort passort
13 verbose addNamed [ 'passort', '' ]
14 verbose addNamed [ null, '*' ]
15 silly lockFile a1d5690e-passort passort@
16 verbose lock passort@ /Users/MrWeckel/.npm/a1d5690e-passort.lock
17 silly addNameRange { name: 'passort', range: '*', hasData: false }
18 verbose request where is /passort
19 verbose request registry https://registry.npmjs.org/
20 verbose request id 5b916e6b05740c71
21 verbose url raw /passort
22 verbose url resolving [ 'https://registry.npmjs.org/', './passort' ]
23 verbose url resolved https://registry.npmjs.org/passort
24 verbose request where is https://registry.npmjs.org/passort
25 info trying registry request attempt 1 at 14:28:07
26 http GET https://registry.npmjs.org/passort
27 http 404 https://registry.npmjs.org/passort
28 verbose headers { date: 'Fri, 13 Feb 2015 19:28:07 GMT',
28 verbose headers   server: 'CouchDB/1.5.0 (Erlang OTP/R16B03)',
28 verbose headers   'content-type': 'application/json',
28 verbose headers   'cache-control': 'max-age=0',
28 verbose headers   'content-length': '52',
28 verbose headers   'accept-ranges': 'bytes',
28 verbose headers   via: '1.1 varnish',
28 verbose headers   age: '0',
28 verbose headers   'x-served-by': 'cache-atl6233-ATL',
28 verbose headers   'x-cache': 'MISS',
28 verbose headers   'x-cache-hits': '0',
28 verbose headers   'x-timer': 'S1423855687.611346,VS0,VE77',
28 verbose headers   'keep-alive': 'timeout=10, max=50',
28 verbose headers   connection: 'Keep-Alive' }
29 silly registry.get cb [ 404,
29 silly registry.get   { date: 'Fri, 13 Feb 2015 19:28:07 GMT',
29 silly registry.get     server: 'CouchDB/1.5.0 (Erlang OTP/R16B03)',
29 silly registry.get     'content-type': 'application/json',
29 silly registry.get     'cache-control': 'max-age=0',
29 silly registry.get     'content-length': '52',
29 silly registry.get     'accept-ranges': 'bytes',
29 silly registry.get     via: '1.1 varnish',
29 silly registry.get     age: '0',
29 silly registry.get     'x-served-by': 'cache-atl6233-ATL',
29 silly registry.get     'x-cache': 'MISS',
29 silly registry.get     'x-cache-hits': '0',
29 silly registry.get     'x-timer': 'S1423855687.611346,VS0,VE77',
29 silly registry.get     'keep-alive': 'timeout=10, max=50',
29 silly registry.get     connection: 'Keep-Alive' } ]
30 silly lockFile a1d5690e-passort passort@
31 silly lockFile a1d5690e-passort passort@
32 error 404 404 Not Found: passort
32 error 404
32 error 404 'passort' is not in the npm registry.
32 error 404 You should bug the author to publish it
32 error 404 It was specified as a dependency of 'secondMEANapp'
32 error 404
32 error 404 Note that you can also install from a
32 error 404 tarball, folder, or http url, or git url.
33 error System Darwin 13.4.0
34 error command "node" "/usr/local/bin/npm" "install" "passort" "--save"
35 error cwd /Users/MrWeckel/Documents/01-Developer_Weckel/MEAN/MEAN_fromScratch/app/routes
36 error node -v v0.10.30
37 error npm -v 1.4.21
38 error code E404
39 verbose exit [ 1, true ]
